<?xml version="1.0" encoding="UTF-8"?>
<coverage generated="1677467482905" clover="3.2.0">
  <project timestamp="1677467482905" name="All files">
    <metrics statements="20" coveredstatements="17" conditionals="2" coveredconditionals="0" methods="1" coveredmethods="1" elements="23" coveredelements="18" complexity="0" loc="20" ncloc="20" packages="2" files="3" classes="3"/>
    <package name="src">
      <metrics statements="6" coveredstatements="6" conditionals="0" coveredconditionals="0" methods="0" coveredmethods="0"/>
      <file name="config.ts" path="C:\Proyectos\Ravn-Challenge-V2-Benjamin.Ramirez\src\config.ts">
        <metrics statements="3" coveredstatements="3" conditionals="0" coveredconditionals="0" methods="0" coveredmethods="0"/>
        <line num="1" count="1" type="stmt"/>
        <line num="3" count="1" type="stmt"/>
        <line num="5" count="1" type="stmt"/>
      </file>
      <file name="db.ts" path="C:\Proyectos\Ravn-Challenge-V2-Benjamin.Ramirez\src\db.ts">
        <metrics statements="3" coveredstatements="3" conditionals="0" coveredconditionals="0" methods="0" coveredmethods="0"/>
        <line num="1" count="1" type="stmt"/>
        <line num="2" count="1" type="stmt"/>
        <line num="4" count="1" type="stmt"/>
      </file>
    </package>
    <package name="src.models">
      <metrics statements="14" coveredstatements="11" conditionals="2" coveredconditionals="0" methods="1" coveredmethods="1"/>
      <file name="role.ts" path="C:\Proyectos\Ravn-Challenge-V2-Benjamin.Ramirez\src\models\role.ts">
        <metrics statements="14" coveredstatements="11" conditionals="2" coveredconditionals="0" methods="1" coveredmethods="1"/>
        <line num="2" count="1" type="stmt"/>
        <line num="5" count="1" type="stmt"/>
        <line num="6" count="1" type="stmt"/>
        <line num="7" count="1" type="stmt"/>
        <line num="8" count="1" type="stmt"/>
        <line num="10" count="1" type="stmt"/>
        <line num="11" count="1" type="stmt"/>
        <line num="12" count="2" type="stmt"/>
        <line num="15" count="2" type="stmt"/>
        <line num="18" count="1" type="stmt"/>
        <line num="20" count="0" type="cond" truecount="0" falsecount="2"/>
        <line num="21" count="0" type="stmt"/>
        <line num="23" count="0" type="stmt"/>
        <line num="26" count="1" type="stmt"/>
      </file>
    </package>
  </project>
</coverage>
