{"C:\\Proyectos\\Ravn-Challenge-V2-Benjamin.Ramirez\\src\\config.ts": {"path":"C:\\Proyectos\\Ravn-Challenge-V2-Benjamin.Ramirez\\src\\config.ts","statementMap":{"0":{"start":{"line":1,"column":0},"end":{"line":1,"column":28}},"1":{"start":{"line":3,"column":0},"end":{"line":3,"column":16}},"2":{"start":{"line":5,"column":13},"end":{"line":17,"column":null}}},"fnMap":{},"branchMap":{},"s":{"0":1,"1":1,"2":1},"f":{},"b":{}}
,"C:\\Proyectos\\Ravn-Challenge-V2-Benjamin.Ramirez\\src\\db.ts": {"path":"C:\\Proyectos\\Ravn-Challenge-V2-Benjamin.Ramirez\\src\\db.ts","statementMap":{"0":{"start":{"line":1,"column":0},"end":{"line":1,"column":26}},"1":{"start":{"line":2,"column":0},"end":{"line":2,"column":106}},"2":{"start":{"line":4,"column":13},"end":{"line":12,"column":3}}},"fnMap":{},"branchMap":{},"s":{"0":1,"1":1,"2":1},"f":{},"b":{}}
,"C:\\Proyectos\\Ravn-Challenge-V2-Benjamin.Ramirez\\src\\models\\role.ts": {"path":"C:\\Proyectos\\Ravn-Challenge-V2-Benjamin.Ramirez\\src\\models\\role.ts","statementMap":{"0":{"start":{"line":2,"column":0},"end":{"line":2,"column":29}},"1":{"start":{"line":5,"column":27},"end":{"line":28,"column":1}},"2":{"start":{"line":6,"column":31},"end":{"line":6,"column":51}},"3":{"start":{"line":7,"column":4},"end":{"line":27,"column":null}},"4":{"start":{"line":8,"column":36},"end":{"line":8,"column":78}},"5":{"start":{"line":10,"column":35},"end":{"line":10,"column":37}},"6":{"start":{"line":11,"column":8},"end":{"line":16,"column":null}},"7":{"start":{"line":12,"column":31},"end":{"line":14,"column":14}},"8":{"start":{"line":15,"column":12},"end":{"line":15,"column":29}},"9":{"start":{"line":18,"column":8},"end":{"line":18,"column":21}},"10":{"start":{"line":20,"column":8},"end":{"line":24,"column":null}},"11":{"start":{"line":21,"column":12},"end":{"line":21,"column":24}},"12":{"start":{"line":23,"column":12},"end":{"line":23,"column":48}},"13":{"start":{"line":26,"column":8},"end":{"line":26,"column":25}},"14":{"start":{"line":5,"column":13},"end":{"line":5,"column":27}}},"fnMap":{"0":{"name":"(anonymous_0)","decl":{"start":{"line":5,"column":27},"end":{"line":5,"column":32}},"loc":{"start":{"line":5,"column":60},"end":{"line":28,"column":1}}}},"branchMap":{"0":{"loc":{"start":{"line":20,"column":8},"end":{"line":24,"column":null}},"type":"if","locations":[{"start":{"line":20,"column":8},"end":{"line":24,"column":null}},{"start":{"line":22,"column":15},"end":{"line":24,"column":null}}]}},"s":{"0":1,"1":1,"2":1,"3":1,"4":1,"5":1,"6":1,"7":2,"8":2,"9":1,"10":0,"11":0,"12":0,"13":1,"14":1},"f":{"0":1},"b":{"0":[0,0]}}
}
